Plain2Balances address:   0x5A639Feb8e7277daA7e8619a1fc83B1f707B6E24
Plain3Balances address:   0x07E8D63647679451C35B4a2F5c097D9566C81339
Plain4Balances address:   0x2d982C7FDE834F3AD84af56921cb153BC4Eb01f9

Registry address:         0x865397Ec8Eecfb728d9B27d4A2db4AF86adf9652
PoolRegistry address:     0xc261610b766E1d7386fe53bB858a06DFe5aDda18
CryptoRegistry address:   0xE98B5cA106DDb3965FDCE98bAD3a14677cbF1930

Factory address:          0x52Fd17e212b5fb70AA52F7f627D0a999f23F1151
CrptoFactory address:     0x0F37dEa212e9d51f9EF0aE72a6FB16039981fC14

MetaUSDBalances address:  0x7f8ED322819f7FAe7A95259c4F262eC7F1006780
DepositZap address:       0x895ed6217f81054546ea043eEbb2AECDE30D4B05

CryptoSwap2ETH address:   0x00616bDC6dcC665049cc44462425Daee7cA87499
TokenV5 address:          0x3e47118c58Ef501d6A1E689A8E0D4C09E196Beb9

Crypto3PoolMath address:  0x20a9f49dA2DCE0170A6Eb09e68d797E1600edF2e
Crypto3PoolView address:  0x2a98C4ccf3Fa440524297B2592BCE6D7551C8424
LPToken address:          0x62044d17063111270895815B2fDb1C10c793Bd95
CryptoBasePool address:   0x65841a9ED311C93608Dd81F7f0eeceB550f5205A
CryptoDepositZap address: 0xF48a01b04Ba336e2635a71b2974C63Bd5061FEa4

Operatable address:       0x44cA43c0043f5F6f435481e1684e5fc39f489a97
CheckPermission address:  0x8119f39C5E5b8B4592a4467F3C0f99936f9d686E
SwapRouter address:       0x16E4273677cb272bA191fb5acCa1b4ab3Ee377bc